<?xml version="1.0" encoding="UTF-8"?>
<!-- Generated by org.testng.reporters.JUnitReportReporter -->
<testsuite skipped="0" hostname="DESKTOP-5DHJKFB" name="Tests_GET" tests="1" failures="0" timestamp="2020-08-07T14:49:09 MSK" time="3.004" errors="0">
  <testcase name="test_1" time="3.004" classname="Tests_GET"/>
  <system-out/>
</testsuite> <!-- Tests_GET -->
