<?xml version="1.0" encoding="UTF-8"?>
<!-- Generated by org.testng.reporters.JUnitReportReporter -->
<testsuite skipped="0" hostname="DESKTOP-5DHJKFB" name="Tests_POST" tests="4" failures="0" timestamp="2020-08-07T16:31:44 MSK" time="3.924" errors="0">
  <testcase name="test_03_patch" time="0.355" classname="Tests_POST"/>
  <system-out/>
  <testcase name="test_04_delete" time="0.310" classname="Tests_POST"/>
  <system-out/>
  <testcase name="test_01_post" time="2.889" classname="Tests_POST"/>
  <system-out/>
  <testcase name="test_02_put" time="0.370" classname="Tests_POST"/>
  <system-out/>
</testsuite> <!-- Tests_POST -->
