<?xml version="1.0" encoding="UTF-8"?>
<!-- Generated by org.testng.reporters.JUnitReportReporter -->
<testsuite skipped="0" hostname="DESKTOP-5DHJKFB" name="Test01_GET" tests="2" failures="0" timestamp="2020-08-07T16:01:48 MSK" time="2.835" errors="0">
  <testcase name="test_01" time="2.026" classname="Test01_GET"/>
  <system-out/>
  <testcase name="test_02" time="0.809" classname="Test01_GET"/>
  <system-out/>
</testsuite> <!-- Test01_GET -->
