<?xml version="1.0" encoding="UTF-8"?>
<!-- Generated by org.testng.reporters.JUnitReportReporter -->
<testsuite skipped="0" hostname="DESKTOP-5DHJKFB" name="Tests" tests="3" failures="0" timestamp="2020-08-09T17:15:57 MSK" time="4.472" errors="0">
  <testcase name="test_03_delete" time="0.365" classname="Tests"/>
  <system-out/>
  <testcase name="test_02_patch" time="0.439" classname="Tests"/>
  <system-out/>
  <testcase name="test_01_post" time="3.668" classname="Tests"/>
  <system-out/>
</testsuite> <!-- Tests -->
